<?xml version="1.0" encoding="UTF-8"?>
<!-- Generated by org.testng.reporters.JUnitReportReporter -->
<testsuite hostname="DESKTOP-78GN0LC" failures="0" tests="1" name="qa.tests.NewTest" time="0.002" errors="0" timestamp="2023-12-18T16:41:29 IST" skipped="0">
  <testcase classname="qa.tests.NewTest" name="f" time="0.002"/>
  <system-out/>
</testsuite> <!-- qa.tests.NewTest -->
