<?xml version="1.0" encoding="UTF-8"?>
<!-- Generated by org.testng.reporters.JUnitReportReporter -->
<testsuite hostname="DESKTOP-78GN0LC" failures="0" tests="1" name="qa.tests.Testcase1" time="13.406" errors="0" timestamp="2023-12-18T16:41:29 IST" skipped="0">
  <testcase classname="qa.tests.Testcase1" name="sampleMethodForCredentials" time="13.406"/>
  <system-out/>
</testsuite> <!-- qa.tests.Testcase1 -->
